<?xml version="1.0" encoding="UTF-8" ?>
<testsuite tests="21" failures="0" name="ru.fizteh.fivt.students.annasavinova.filemap.DataBaseTest" time="0.622" errors="0" skipped="0">
  <properties>
[...]
</properties>
  <testcase classname="ru.fizteh.fivt.students.annasavinova.filemap.DataBaseTest" name="testGetEmpty" time="0.132"/>
  <testcase classname="ru.fizteh.fivt.students.annasavinova.filemap.DataBaseTest" name="testGet" time="0"/>
  <testcase classname="ru.fizteh.fivt.students.annasavinova.filemap.DataBaseTest" name="testPut" time="0"/>
  <testcase classname="ru.fizteh.fivt.students.annasavinova.filemap.DataBaseTest" name="testSize" time="0.071"/>
  <testcase classname="ru.fizteh.fivt.students.annasavinova.filemap.DataBaseTest" name="testCountChanges" time="0.019"/>
  <testcase classname="ru.fizteh.fivt.students.annasavinova.filemap.DataBaseTest" name="testRemoveEmpty" time="0.006"/>
  <testcase classname="ru.fizteh.fivt.students.annasavinova.filemap.DataBaseTest" name="testGetName" time="0.003"/>
  <testcase classname="ru.fizteh.fivt.students.annasavinova.filemap.DataBaseTest" name="testGetNull" time="0.004"/>
  <testcase classname="ru.fizteh.fivt.students.annasavinova.filemap.DataBaseTest" name="testRemoveSpaces" time="0.003"/>
  <testcase classname="ru.fizteh.fivt.students.annasavinova.filemap.DataBaseTest" name="testPutNullValue" time="0.007"/>
  <testcase classname="ru.fizteh.fivt.students.annasavinova.filemap.DataBaseTest" name="testRemoveNull" time="0.005"/>
  <testcase classname="ru.fizteh.fivt.students.annasavinova.filemap.DataBaseTest" name="testRollback" time="0.022"/>
  <testcase classname="ru.fizteh.fivt.students.annasavinova.filemap.DataBaseTest" name="testPutEmptyKey" time="0.013"/>
  <testcase classname="ru.fizteh.fivt.students.annasavinova.filemap.DataBaseTest" name="testPutKeyWithSpaces" time="0.004"/>
  <testcase classname="ru.fizteh.fivt.students.annasavinova.filemap.DataBaseTest" name="testGetNotExistingKey" time="0.007"/>
  <testcase classname="ru.fizteh.fivt.students.annasavinova.filemap.DataBaseTest" name="testClose1" time="0.015"/>
  <testcase classname="ru.fizteh.fivt.students.annasavinova.filemap.DataBaseTest" name="testClose2" time="0.017"/>
  <testcase classname="ru.fizteh.fivt.students.annasavinova.filemap.DataBaseTest" name="testCommit" time="0.019"/>
  <testcase classname="ru.fizteh.fivt.students.annasavinova.filemap.DataBaseTest" name="testGetSpaces" time="0.002"/>
  <testcase classname="ru.fizteh.fivt.students.annasavinova.filemap.DataBaseTest" name="testRemove" time="0.003"/>
  <testcase classname="ru.fizteh.fivt.students.annasavinova.filemap.DataBaseTest" name="testPutNullKey" time="0.003"/>
</testsuite>