<?xml version="1.0" encoding="UTF-8" ?>
<testsuite tests="13" failures="0" name="ru.fizteh.fivt.students.annasavinova.filemap.DataBaseProviderTest" time="0.061" errors="0" skipped="0">
  <properties>
[...]
</properties>
  <testcase classname="ru.fizteh.fivt.students.annasavinova.filemap.DataBaseProviderTest" name="testGetTable" time="0.011"/>
  <testcase classname="ru.fizteh.fivt.students.annasavinova.filemap.DataBaseProviderTest" name="testRemoveTableEmpty" time="0"/>
  <testcase classname="ru.fizteh.fivt.students.annasavinova.filemap.DataBaseProviderTest" name="testCheckTableName" time="0"/>
  <testcase classname="ru.fizteh.fivt.students.annasavinova.filemap.DataBaseProviderTest" name="testCreateTable" time="0"/>
  <testcase classname="ru.fizteh.fivt.students.annasavinova.filemap.DataBaseProviderTest" name="testGetTableNull" time="0.002"/>
  <testcase classname="ru.fizteh.fivt.students.annasavinova.filemap.DataBaseProviderTest" name="testRemoveTable" time="0.003"/>
  <testcase classname="ru.fizteh.fivt.students.annasavinova.filemap.DataBaseProviderTest" name="testCreateTableEmpty" time="0.021"/>
  <testcase classname="ru.fizteh.fivt.students.annasavinova.filemap.DataBaseProviderTest" name="testRemoveTableNull" time="0.002"/>
  <testcase classname="ru.fizteh.fivt.students.annasavinova.filemap.DataBaseProviderTest" name="testGetTableEmpty" time="0.002"/>
  <testcase classname="ru.fizteh.fivt.students.annasavinova.filemap.DataBaseProviderTest" name="testCreateTableNull" time="0.002"/>
  <testcase classname="ru.fizteh.fivt.students.annasavinova.filemap.DataBaseProviderTest" name="testClose1" time="0.002"/>
  <testcase classname="ru.fizteh.fivt.students.annasavinova.filemap.DataBaseProviderTest" name="testClose2" time="0.003"/>
  <testcase classname="ru.fizteh.fivt.students.annasavinova.filemap.DataBaseProviderTest" name="testRemoveTableNotExists" time="0.002"/>
</testsuite>